{"logTime": "0625/063429", "correlationVector":"pwt7K0ngrh4dEkv/XCfuDp.1","action":"SyncServerConnectionManagerRequest", "result":"SYNC_SERVER_OK", "context":{"environment":"Prod_southeastasia_prod-s01-064-apac-southeastasia", "migrationStage":"NotStarted", "server":"akswtt00800005d"}}
{"logTime": "0625/063429", "correlationVector":"pwt7K0ngrh4dEkv/XCfuDp.2","action":"ProcessGetUpdates", "result":"Done", "context":{"dataType":"Encryption Keys", "deleted":"0", "process_failed_to_decrypt":"0", "process_pending_decryption":"0", "process_success":"1", "total":"1"}}
{"logTime": "0625/063430", "correlationVector":"fkk/fTRWGr34BRyLa2AQta","action":"SyncServerConnectionManagerRequest", "result":"SYNC_SERVER_OK", "context":{"environment":"", "migrationStage":"", "server":""}}
{"logTime": "0625/063430", "correlationVector":"fkk/fTRWGr34BRyLa2AQta.0","action":"EncryptionKeysFetcher.DownloadKeys:", "result":"Success", "context":Key count: 6, Last key timestamp: 2025-05-22T14:36:21Z}
{"logTime": "0625/063430", "correlationVector":"fkk/fTRWGr34BRyLa2AQta.1","action":"EncryptionKeysManager::SetEncryptionKeys:", "result":"Success", "context":Key names[6]:[HDmfpvQW+nwugk8c0k1N/vvTjS8X6LZ0BOHm6lk2y2lEMYcBiCr/xWsL8zqAe4Z3sNKjCOx5vUahv4yqkBUd3g==][PbWbppwhk9lc8i4ekyINWfrUt3NrMfhK74Vga65GcbZ0Et70YwK4hV7jnaHMHXEF5gsWEtPab0X9xuQYHERsbA==][RAYd5QNhO5rO4gVr7EcZwS3fHNifvkdTbjhvOxoTMfpq3pPkmTlm2VlPu9MHqdZnvAhBkwyvCO9e44/Pq66W7Q==][+V2NAPPsjpdUK9tErlwuM1rKvEZBllSotH0T4Mwe/ldoGYaPNFsIbx7M31u20V+akijCHwkp6voYv7PDh05vIg==][dIiTMfH18pMUIWrj5Rkk7x7x8KQwz82sR020jPwt3NGUZS1P07pID3zYe2MSbpQ33JpkvkKluSED4yjuFyD81g==][ZoYmm/sHL4vOgxc8jkFxGGFQ2kFQKZ5Z/P+qvHzAmrn9AWMhVXPnKu6mc/5uwSfMrqTxVJWm8dp5+6U9bmED3w==]}
{"logTime": "0625/063430", "correlationVector":"fkk/fTRWGr34BRyLa2AQta.2","action":"EncryptionKeysManager::SetEncryptionKeysWithTimestamps:", "result":"Success", "context":Key timestamps[6]:[2023-07-13T09:06:32Z][2024-01-10T10:21:16Z][2024-07-10T06:51:15Z][2025-01-07T16:48:00Z][2025-04-30T14:58:40Z][2025-05-22T14:36:21Z]}
{"logTime": "0625/063430", "correlationVector":"pwt7K0ngrh4dEkv/XCfuDp","action":"Initial GetUpdates", "result":"", "context":Reason: NEW_CLIENT. cV=pwt7K0ngrh4dEkv/XCfuDp}
{"logTime": "0625/063430", "correlationVector":"pwt7K0ngrh4dEkv/XCfuDp.3","action":"GetUpdates Response", "result":"Success", "context":Received 1 update(s). cV=pwt7K0ngrh4dEkv/XCfuDp.0;server=akswtt00800005d;cloudType=Consumer;environment=Prod_southeastasia_prod-s01-064-apac-southeastasia;migrationStage=NotStarted}
{"logTime": "0625/063430", "correlationVector":"QsXnijnDWcY4XBcDFBisHG","action":"Initial GetUpdates", "result":"", "context":Reason: NEWLY_SUPPORTED_DATATYPE. cV=QsXnijnDWcY4XBcDFBisHG}
{"logTime": "0625/063431", "correlationVector":"QsXnijnDWcY4XBcDFBisHG.1","action":"SyncServerConnectionManagerRequest", "result":"SYNC_SERVER_OK", "context":{"environment":"Prod_southeastasia_prod-s01-064-apac-southeastasia", "migrationStage":"NotStarted", "server":"akswtt008000048"}}
{"logTime": "0625/063431", "correlationVector":"QsXnijnDWcY4XBcDFBisHG.2","action":"ProcessGetUpdates", "result":"Done", "context":{"dataType":"Preferences", "deleted":"1", "process_failed_to_decrypt":"0", "process_pending_decryption":"0", "process_success":"62", "total":"62"}}
{"logTime": "0625/063431", "correlationVector":"QsXnijnDWcY4XBcDFBisHG.3","action":"ProcessGetUpdates", "result":"Done", "context":{"dataType":"Passwords", "deleted":"0", "process_failed_to_decrypt":"0", "process_pending_decryption":"0", "process_success":"45", "total":"45"}}
{"logTime": "0625/063431", "correlationVector":"QsXnijnDWcY4XBcDFBisHG.4","action":"ProcessGetUpdates", "result":"Done", "context":{"dataType":"Device Info", "deleted":"0", "process_failed_to_decrypt":"0", "process_pending_decryption":"0", "process_success":"4", "total":"4"}}
{"logTime": "0625/063431", "correlationVector":"QsXnijnDWcY4XBcDFBisHG.5","action":"GetUpdates Response", "result":"Success", "context":Received 111 update(s). cV=QsXnijnDWcY4XBcDFBisHG.0;server=akswtt008000048;cloudType=Consumer;environment=Prod_southeastasia_prod-s01-064-apac-southeastasia;migrationStage=NotStarted}
{"logTime": "0625/063431", "correlationVector":"ZjlKjLU4T7Gv3BvZFj/Ped","action":"Initial GetUpdates", "result":"", "context":Reason: NEWLY_SUPPORTED_DATATYPE. cV=ZjlKjLU4T7Gv3BvZFj/Ped}
{"logTime": "0625/063431", "correlationVector":"ZjlKjLU4T7Gv3BvZFj/Ped.1","action":"SyncServerConnectionManagerRequest", "result":"SYNC_SERVER_OK", "context":{"environment":"Prod_southeastasia_prod-s01-064-apac-southeastasia", "migrationStage":"NotStarted", "server":"akswtt00800002a"}}
{"logTime": "0625/063431", "correlationVector":"ZjlKjLU4T7Gv3BvZFj/Ped.2","action":"ProcessGetUpdates", "result":"Done", "context":{"dataType":"Bookmarks", "deleted":"0", "process_failed_to_decrypt":"0", "process_pending_decryption":"0", "process_success":"8", "total":"8"}}
{"logTime": "0625/063431", "correlationVector":"ZjlKjLU4T7Gv3BvZFj/Ped.3","action":"GetUpdates Response", "result":"Success", "context":Received 8 update(s). cV=ZjlKjLU4T7Gv3BvZFj/Ped.0;server=akswtt00800002a;cloudType=Consumer;environment=Prod_southeastasia_prod-s01-064-apac-southeastasia;migrationStage=NotStarted}
{"logTime": "0625/063431", "correlationVector":"sBQ76v4X++RXnZ0FNcXqAZ","action":"Initial GetUpdates", "result":"", "context":Reason: NEWLY_SUPPORTED_DATATYPE. cV=sBQ76v4X++RXnZ0FNcXqAZ}
{"logTime": "0625/063432", "correlationVector":"sBQ76v4X++RXnZ0FNcXqAZ.1","action":"SyncServerConnectionManagerRequest", "result":"SYNC_SERVER_OK", "context":{"environment":"Prod_southeastasia_prod-s01-065-apac-southeastasia", "migrationStage":"NotStarted", "server":"akswtt00800003y"}}
{"logTime": "0625/063432", "correlationVector":"sBQ76v4X++RXnZ0FNcXqAZ.2","action":"ProcessGetUpdates", "result":"Done", "context":{"dataType":"Autofill Profiles", "deleted":"0", "process_failed_to_decrypt":"0", "process_pending_decryption":"0", "process_success":"18", "total":"18"}}
{"logTime": "0625/063432", "correlationVector":"sBQ76v4X++RXnZ0FNcXqAZ.3","action":"ProcessGetUpdates", "result":"Done", "context":{"dataType":"Autofill", "deleted":"0", "process_failed_to_decrypt":"0", "process_pending_decryption":"0", "process_success":"46", "total":"46"}}
{"logTime": "0625/063432", "correlationVector":"sBQ76v4X++RXnZ0FNcXqAZ.4","action":"ProcessGetUpdates", "result":"Done", "context":{"dataType":"Extensions", "deleted":"0", "process_failed_to_decrypt":"0", "process_pending_decryption":"0", "process_success":"1", "total":"1"}}
{"logTime": "0625/063432", "correlationVector":"sBQ76v4X++RXnZ0FNcXqAZ.5","action":"ProcessGetUpdates", "result":"Done", "context":{"dataType":"Sessions", "deleted":"165", "process_failed_to_decrypt":"0", "process_pending_decryption":"0", "process_success":"168", "total":"168"}}
{"logTime": "0625/063432", "correlationVector":"sBQ76v4X++RXnZ0FNcXqAZ.6","action":"ProcessGetUpdates", "result":"Done", "context":{"dataType":"Extension settings", "deleted":"0", "process_failed_to_decrypt":"0", "process_pending_decryption":"0", "process_success":"7", "total":"7"}}
{"logTime": "0625/063432", "correlationVector":"sBQ76v4X++RXnZ0FNcXqAZ.7","action":"ProcessGetUpdates", "result":"Done", "context":{"dataType":"Edge Hub App Usage", "deleted":"4", "process_failed_to_decrypt":"0", "process_pending_decryption":"0", "process_success":"10", "total":"10"}}
{"logTime": "0625/063432", "correlationVector":"sBQ76v4X++RXnZ0FNcXqAZ.8","action":"GetUpdates Response", "result":"Success", "context":Received 250 update(s). cV=sBQ76v4X++RXnZ0FNcXqAZ.0;server=akswtt00800003y;cloudType=Consumer;environment=Prod_southeastasia_prod-s01-065-apac-southeastasia;migrationStage=NotStarted Some updates remain.}
{"logTime": "0625/063432", "correlationVector":"4vbLYbJd+FbgkclTca4rbZ","action":"Initial GetUpdates", "result":"", "context":Reason: NEWLY_SUPPORTED_DATATYPE. cV=4vbLYbJd+FbgkclTca4rbZ}
{"logTime": "0625/063432", "correlationVector":"4vbLYbJd+FbgkclTca4rbZ.1","action":"SyncServerConnectionManagerRequest", "result":"SYNC_SERVER_OK", "context":{"environment":"Prod_southeastasia_prod-s01-065-apac-southeastasia", "migrationStage":"NotStarted", "server":"akswtt008000016"}}
{"logTime": "0625/063432", "correlationVector":"4vbLYbJd+FbgkclTca4rbZ.2","action":"ProcessGetUpdates", "result":"Done", "context":{"dataType":"Autofill Profiles", "deleted":"0", "process_failed_to_decrypt":"0", "process_pending_decryption":"0", "process_success":"2", "total":"2"}}
{"logTime": "0625/063432", "correlationVector":"4vbLYbJd+FbgkclTca4rbZ.3","action":"ProcessGetUpdates", "result":"Done", "context":{"dataType":"Autofill", "deleted":"0", "process_failed_to_decrypt":"0", "process_pending_decryption":"0", "process_success":"5", "total":"5"}}
{"logTime": "0625/063432", "correlationVector":"4vbLYbJd+FbgkclTca4rbZ.4","action":"ProcessGetUpdates", "result":"Done", "context":{"dataType":"Extensions", "deleted":"0", "process_failed_to_decrypt":"0", "process_pending_decryption":"0", "process_success":"1", "total":"1"}}
{"logTime": "0625/063432", "correlationVector":"4vbLYbJd+FbgkclTca4rbZ.5","action":"ProcessGetUpdates", "result":"Done", "context":{"dataType":"Sessions", "deleted":"11", "process_failed_to_decrypt":"0", "process_pending_decryption":"0", "process_success":"16", "total":"16"}}
{"logTime": "0625/063432", "correlationVector":"4vbLYbJd+FbgkclTca4rbZ.6","action":"GetUpdates Response", "result":"Success", "context":Received 24 update(s). cV=4vbLYbJd+FbgkclTca4rbZ.0;server=akswtt008000016;cloudType=Consumer;environment=Prod_southeastasia_prod-s01-065-apac-southeastasia;migrationStage=NotStarted}
{"logTime": "0625/063432", "correlationVector":"aFSeAc4Tqa6MW5KYdA8e0j","action":"Initial GetUpdates", "result":"", "context":Reason: NEWLY_SUPPORTED_DATATYPE. cV=aFSeAc4Tqa6MW5KYdA8e0j}
{"logTime": "0625/063433", "correlationVector":"aFSeAc4Tqa6MW5KYdA8e0j.1","action":"SyncServerConnectionManagerRequest", "result":"SYNC_SERVER_OK", "context":{"environment":"Prod_southeastasia_prod-s01-065-apac-southeastasia", "migrationStage":"NotStarted", "server":"akswtt00800001w"}}
{"logTime": "0625/063433", "correlationVector":"aFSeAc4Tqa6MW5KYdA8e0j.2","action":"ProcessGetUpdates", "result":"Done", "context":{"dataType":"History", "deleted":"0", "process_failed_to_decrypt":"0", "process_pending_decryption":"0", "process_success":"250", "total":"250"}}
{"logTime": "0625/063433", "correlationVector":"aFSeAc4Tqa6MW5KYdA8e0j.3","action":"GetUpdates Response", "result":"Success", "context":Received 250 update(s). cV=aFSeAc4Tqa6MW5KYdA8e0j.0;server=akswtt00800001w;cloudType=Consumer;environment=Prod_southeastasia_prod-s01-065-apac-southeastasia;migrationStage=NotStarted Some updates remain.}
{"logTime": "0625/063433", "correlationVector":"HZ+HKvhz675Gx+ebfIPCf2","action":"Initial GetUpdates", "result":"", "context":Reason: NEWLY_SUPPORTED_DATATYPE. cV=HZ+HKvhz675Gx+ebfIPCf2}
{"logTime": "0625/063433", "correlationVector":"HZ+HKvhz675Gx+ebfIPCf2.1","action":"SyncServerConnectionManagerRequest", "result":"SYNC_SERVER_OK", "context":{"environment":"Prod_southeastasia_prod-s01-065-apac-southeastasia", "migrationStage":"NotStarted", "server":"akswtt00800000w"}}
{"logTime": "0625/063433", "correlationVector":"HZ+HKvhz675Gx+ebfIPCf2.2","action":"ProcessGetUpdates", "result":"Done", "context":{"dataType":"History", "deleted":"0", "process_failed_to_decrypt":"0", "process_pending_decryption":"0", "process_success":"250", "total":"250"}}
{"logTime": "0625/063433", "correlationVector":"HZ+HKvhz675Gx+ebfIPCf2.3","action":"GetUpdates Response", "result":"Success", "context":Received 250 update(s). cV=HZ+HKvhz675Gx+ebfIPCf2.0;server=akswtt00800000w;cloudType=Consumer;environment=Prod_southeastasia_prod-s01-065-apac-southeastasia;migrationStage=NotStarted Some updates remain.}
{"logTime": "0625/063433", "correlationVector":"839o4fQQhT1BW03bqm4ml1","action":"Initial GetUpdates", "result":"", "context":Reason: NEWLY_SUPPORTED_DATATYPE. cV=839o4fQQhT1BW03bqm4ml1}
{"logTime": "0625/063433", "correlationVector":"839o4fQQhT1BW03bqm4ml1.1","action":"SyncServerConnectionManagerRequest", "result":"SYNC_SERVER_OK", "context":{"environment":"Prod_southeastasia_prod-s01-065-apac-southeastasia", "migrationStage":"NotStarted", "server":"akswtt008000008"}}
{"logTime": "0625/063433", "correlationVector":"839o4fQQhT1BW03bqm4ml1.2","action":"ProcessGetUpdates", "result":"Done", "context":{"dataType":"History", "deleted":"0", "process_failed_to_decrypt":"0", "process_pending_decryption":"0", "process_success":"74", "total":"74"}}
{"logTime": "0625/063433", "correlationVector":"839o4fQQhT1BW03bqm4ml1.3","action":"GetUpdates Response", "result":"Success", "context":Received 74 update(s). cV=839o4fQQhT1BW03bqm4ml1.0;server=akswtt008000008;cloudType=Consumer;environment=Prod_southeastasia_prod-s01-065-apac-southeastasia;migrationStage=NotStarted}
{"logTime": "0625/063433", "correlationVector":"07exjAMTGLkI4GYYRvVEDI","action":"Normal GetUpdate request", "result":"", "context":cV=07exjAMTGLkI4GYYRvVEDI
Nudged types: Bookmarks, Sessions, Device Info, User Consents
Refresh requested types: Bookmarks, Preferences, Passwords, Autofill Profiles, Autofill, Extensions, Sessions, Extension settings, History Delete Directives, Device Info, User Consents, Send Tab To Self, Web Apps, History, Saved Tab Group, WebAuthn Credentials, Collection, Edge E Drop, Edge Hub App Usage, Edge Wallet, Encryption Keys}
{"logTime": "0625/063434", "correlationVector":"07exjAMTGLkI4GYYRvVEDI.1","action":"SyncServerConnectionManagerRequest", "result":"SYNC_SERVER_OK", "context":{"environment":"Prod_southeastasia_prod-s01-065-apac-southeastasia", "migrationStage":"NotStarted", "server":"akswtt00800001e"}}
{"logTime": "0625/063434", "correlationVector":"07exjAMTGLkI4GYYRvVEDI.2","action":"GetUpdates Response", "result":"Success", "context":Received 0 update(s). cV=07exjAMTGLkI4GYYRvVEDI.0;server=akswtt00800001e;cloudType=Consumer;environment=Prod_southeastasia_prod-s01-065-apac-southeastasia;migrationStage=NotStarted}
{"logTime": "0625/063434", "correlationVector":"20qahLFW3Ef+oN1FAyWA0D","action":"Commit Request", "result":"", "context":Item count: 8
Contributing types: Bookmarks, Sessions, Device Info, User Consents}
{"logTime": "0625/063436", "correlationVector":"20qahLFW3Ef+oN1FAyWA0D.1","action":"SyncServerConnectionManagerRequest", "result":"SYNC_SERVER_OK", "context":{"environment":"Prod_southeastasia_prod-s01-065-apac-southeastasia", "migrationStage":"NotStarted", "server":"akswtt008000024"}}
{"logTime": "0625/063436", "correlationVector":"20qahLFW3Ef+oN1FAyWA0D.2","action":"Commit Response", "result":"Success", "context":Result: Success. cV=20qahLFW3Ef+oN1FAyWA0D.0;server=akswtt008000024;cloudType=Consumer;environment=Prod_southeastasia_prod-s01-065-apac-southeastasia;migrationStage=NotStarted}
